<?xml version="1.0" encoding="UTF-8"?>
<testng-results skipped="0" failed="0" ignored="0" total="1" passed="1">
  <reporter-output>
  </reporter-output>
  <suite name="Default suite" duration-ms="11142" started-at="2019-02-20T01:22:36Z" finished-at="2019-02-20T01:22:47Z">
    <groups>
    </groups>
    <test name="Default test" duration-ms="11142" started-at="2019-02-20T01:22:36Z" finished-at="2019-02-20T01:22:47Z">
      <class name="com.packt.tests.LogInTest">
        <test-method status="PASS" signature="setUp(java.lang.String)[pri:0, instance:com.packt.tests.LogInTest@523884b2]" name="setUp" is-config="true" duration-ms="9168" started-at="2019-02-20T01:22:36Z" finished-at="2019-02-20T01:22:45Z">
          <params>
            <param index="0">
              <value>
                <![CDATA[chrome]]>
              </value>
            </param>
          </params>
          <reporter-output>
          </reporter-output>
        </test-method> <!-- setUp -->
        <test-method status="PASS" signature="logInTest()[pri:0, instance:com.packt.tests.LogInTest@523884b2]" name="logInTest" duration-ms="1139" started-at="2019-02-20T01:22:45Z" finished-at="2019-02-20T01:22:46Z">
          <reporter-output>
          </reporter-output>
        </test-method> <!-- logInTest -->
        <test-method status="PASS" signature="tearDown()[pri:0, instance:com.packt.tests.LogInTest@523884b2]" name="tearDown" is-config="true" duration-ms="820" started-at="2019-02-20T01:22:46Z" finished-at="2019-02-20T01:22:47Z">
          <reporter-output>
          </reporter-output>
        </test-method> <!-- tearDown -->
      </class> <!-- com.packt.tests.LogInTest -->
    </test> <!-- Default test -->
  </suite> <!-- Default suite -->
</testng-results>
